<?xml version="1.0" encoding="UTF-8"?>
<testsuite name="CASS.AppTest" tests="1" skipped="0" failures="0" errors="0" timestamp="2025-05-30T11:15:24" hostname="DESKTOP-HHQBON0" time="0.023">
  <properties/>
  <testcase name="appHasAGreeting()" classname="CASS.AppTest" time="0.023"/>
  <system-out><![CDATA[]]></system-out>
  <system-err><![CDATA[]]></system-err>
</testsuite>
